#-----------------------------------------------------------
# PlanAhead v14.7 (64-bit)
# Build 321239 by xbuild on Fri Sep 27 19:29:51 MDT 2013
# Start of session at: Sat Oct 26 08:23:45 2024
# Process ID: 12656
# Log file: D:/Dropbox/University/Nam 3/2024_2025_HK1/TT Thiet ke he thong va vi mach tich hop/Exercises/Demux_1_to_8/planAhead_run_2/planAhead.log
# Journal file: D:/Dropbox/University/Nam 3/2024_2025_HK1/TT Thiet ke he thong va vi mach tich hop/Exercises/Demux_1_to_8/planAhead_run_2/planAhead.jou
#-----------------------------------------------------------
INFO: [Common 17-78] Attempting to get a license: PlanAhead
INFO: [Common 17-290] Got license for PlanAhead
INFO: [Device 21-36] Loading parts and site information from D:/Xilinx/14.7/ISE_DS/PlanAhead/data/parts/arch.xml
Parsing RTL primitives file [D:/Xilinx/14.7/ISE_DS/PlanAhead/data/parts/xilinx/rtl/prims/rtl_prims.xml]
Finished parsing RTL primitives file [D:/Xilinx/14.7/ISE_DS/PlanAhead/data/parts/xilinx/rtl/prims/rtl_prims.xml]
start_gui
source {D:/Dropbox/University/Nam 3/2024_2025_HK1/TT Thiet ke he thong va vi mach tich hop/Exercises/Demux_1_to_8/pa.fromHdl.tcl}
# create_project -name Demux_1_to_8 -dir "D:/Dropbox/University/Nam 3/2024_2025_HK1/TT Thiet ke he thong va vi mach tich hop/Exercises/Demux_1_to_8/planAhead_run_2" -part xc3s500efg320-4
# set_param project.pinAheadLayout yes
# set srcset [get_property srcset [current_run -impl]]
# set_property target_constrs_file "Demux_1_to_8.ucf" [current_fileset -constrset]
Adding file 'D:/Dropbox/University/Nam 3/2024_2025_HK1/TT Thiet ke he thong va vi mach tich hop/Exercises/Demux_1_to_8/Demux_1_to_8.ucf' to fileset 'constrs_1'
# set hdlfile [add_files [list {Demux_1_to_8.v}]]
# set_property file_type Verilog $hdlfile
# set_property library work $hdlfile
# set_property top demux1_to_8 $srcset
# add_files [list {Demux_1_to_8.ucf}] -fileset [get_property constrset [current_run]]
# open_rtl_design -part xc3s500efg320-4
Using Verific elaboration
Parsing VHDL file "D:/Xilinx/14.7/ISE_DS/PlanAhead/data/parts/xilinx/rtl/lib/synplify/synattr.vhd" into library synplify
Analyzing Verilog file "D:/Dropbox/University/Nam 3/2024_2025_HK1/TT Thiet ke he thong va vi mach tich hop/Exercises/Demux_1_to_8/Demux_1_to_8.v" into library work
INFO: [Designutils 20-910] Reading macro library D:/Xilinx/14.7/ISE_DS/PlanAhead/data\./parts/xilinx/spartan3e/spartan3e/hd_int_macros.edn
Parsing EDIF File [D:/Xilinx/14.7/ISE_DS/PlanAhead/data\./parts/xilinx/spartan3e/spartan3e/hd_int_macros.edn]
Finished Parsing EDIF File [D:/Xilinx/14.7/ISE_DS/PlanAhead/data\./parts/xilinx/spartan3e/spartan3e/hd_int_macros.edn]
Loading clock regions from D:/Xilinx/14.7/ISE_DS/PlanAhead/data\parts/xilinx/spartan3e/spartan3e/xc3s500e/ClockRegion.xml
Loading clock buffers from D:/Xilinx/14.7/ISE_DS/PlanAhead/data\parts/xilinx/spartan3e/spartan3e/xc3s500e/ClockBuffers.xml
Loading package from D:/Xilinx/14.7/ISE_DS/PlanAhead/data\parts/xilinx/spartan3e/spartan3e/xc3s500e/fg320/Package.xml
Loading io standards from D:/Xilinx/14.7/ISE_DS/PlanAhead/data\./parts/xilinx/spartan3e/IOStandards.xml
INFO: [Device 21-19] Loading pkg sso from D:/Xilinx/14.7/ISE_DS/PlanAhead/data\parts/xilinx/spartan3e/spartan3e/xc3s500e/fg320/SSORules.xml
Loading list of drcs for the architecture : D:/Xilinx/14.7/ISE_DS/PlanAhead/data\./parts/xilinx/spartan3e/spartan3e/drc.xml
INFO: [Timing 38-77] Reading timing library D:/Xilinx/14.7/ISE_DS/PlanAhead/data\parts/xilinx/spartan3e/spartan3e/spartan3e-4.lib.
INFO: [Timing 38-34] Done reading timing library D:/Xilinx/14.7/ISE_DS/PlanAhead/data\parts/xilinx/spartan3e/spartan3e/spartan3e-4.lib.
Parsing UCF File [D:/Dropbox/University/Nam 3/2024_2025_HK1/TT Thiet ke he thong va vi mach tich hop/Exercises/Demux_1_to_8/Demux_1_to_8.ucf]
CRITICAL WARNING: [Constraints 18-11] Could not find net or pin 'IN' [D:/Dropbox/University/Nam 3/2024_2025_HK1/TT Thiet ke he thong va vi mach tich hop/Exercises/Demux_1_to_8/Demux_1_to_8.ucf:4]
CRITICAL WARNING: [Constraints 18-11] Could not find net or pin 'S[0]' [D:/Dropbox/University/Nam 3/2024_2025_HK1/TT Thiet ke he thong va vi mach tich hop/Exercises/Demux_1_to_8/Demux_1_to_8.ucf:5]
CRITICAL WARNING: [Constraints 18-11] Could not find net or pin 'S[1]' [D:/Dropbox/University/Nam 3/2024_2025_HK1/TT Thiet ke he thong va vi mach tich hop/Exercises/Demux_1_to_8/Demux_1_to_8.ucf:6]
CRITICAL WARNING: [Constraints 18-11] Could not find net or pin 'S[2]' [D:/Dropbox/University/Nam 3/2024_2025_HK1/TT Thiet ke he thong va vi mach tich hop/Exercises/Demux_1_to_8/Demux_1_to_8.ucf:7]
Finished Parsing UCF File [D:/Dropbox/University/Nam 3/2024_2025_HK1/TT Thiet ke he thong va vi mach tich hop/Exercises/Demux_1_to_8/Demux_1_to_8.ucf]
INFO: [Designutils 20-20] Invalid constraints found, use command 'write_ucf -constraints invalid <file>' to save all the invalid constraints to a file
INFO: [Project 1-111] Unisim Transformation Summary:
No Unisim elements were transformed.

Phase 0 | Netlist Checksum: b4056a41
open_rtl_design: Time (s): elapsed = 00:00:07 . Memory (MB): peak = 565.145 ; gain = 116.102
update_compile_order -fileset sim_1
startgroup
set_property package_pin L13 [get_ports din]
endgroup
startgroup
set_property package_pin N17 [get_ports {sel[2]}]
endgroup
startgroup
set_property package_pin H18 [get_ports {sel[2]}]
endgroup
startgroup
set_property package_pin N17 [get_ports {sel[2]}]
endgroup
startgroup
set_property package_pin H18 [get_ports {sel[1]}]
endgroup
startgroup
set_property package_pin L14 [get_ports {sel[0]}]
endgroup
set_property pulltype PULLUP [get_ports [list {sel[2]}]]
set_property pulltype PULLUP [get_ports [list {sel[2]} {sel[1]} {sel[0]}]]
save_constraints
exit
ERROR: [PlanAhead 12-106] *** Exception: ui.h.b: Found deleted key in HTclEventBroker. Verify if the classes listed here call cleanup()
HTclEvent: SIGNAL_BUS_MODIFY   Classes: ui.views.aR 
HTclEvent: DEBUG_CORE_CONFIG_CHANGE   Classes: ui.views.aR 
HTclEvent: DEBUG_PORT_CONFIG_CHANGE   Classes: ui.views.aR 
HTclEvent: SIGNAL_MODIFY   Classes: ui.views.aR 
 (See D:/Dropbox/University/Nam 3/2024_2025_HK1/TT Thiet ke he thong va vi mach tich hop/Exercises/Demux_1_to_8\planAhead_pid12656.debug)
ERROR: [Common 17-39] 'stop_gui' failed due to earlier errors.
INFO: [Common 17-206] Exiting PlanAhead at Sat Oct 26 08:41:55 2024...
INFO: [Common 17-83] Releasing license: PlanAhead
